Arguments: 
  /usr/bin/node /usr/share/yarn/bin/yarn.js start

PATH: 
  /home/khanh/.rvm/gems/ruby-2.7.1/bin:/home/khanh/.rvm/gems/ruby-2.7.1@global/bin:/home/khanh/.rvm/rubies/ruby-2.7.1/bin:/usr/local/sbin:/usr/local/bin:/usr/sbin:/usr/bin:/sbin:/bin:/usr/games:/usr/local/games:/snap/bin:/home/khanh/.rvm/bin

Yarn version: 
  1.22.4

Node version: 
  14.4.0

Platform: 
  linux x64

Trace: 
  SyntaxError: /home/khanh/Desktop/project/rails-api/package.json: Unexpected token : in JSON at position 14
      at JSON.parse (<anonymous>)
      at /usr/share/yarn/lib/cli.js:1625:59
      at Generator.next (<anonymous>)
      at step (/usr/share/yarn/lib/cli.js:310:30)
      at /usr/share/yarn/lib/cli.js:321:13

npm manifest: 
  "dependencies": {
    "react": "16.8.6",
    "react-native": "0.60.5",
    "react-redux": "^6.0.0",
    "redux": "^4.0.1",
    "redux-thunk": "^2.3.0"
  }

yarn manifest: 
  No manifest

Lockfile: 
  No lockfile
